2016-07-04 18:30:06,971 ERROR [errorlog] org.apache.commons.ssl.ProbablyBadPasswordException: Probably bad JKS password: java.io.IOException: Keystore was tampered with, or password was incorrect
org.apache.commons.ssl.ProbablyBadPasswordException: Probably bad JKS password: java.io.IOException: Keystore was tampered with, or password was incorrect
	at org.apache.commons.ssl.KeyStoreBuilder.tryJKS(KeyStoreBuilder.java:515)
	at org.apache.commons.ssl.KeyStoreBuilder.parse(KeyStoreBuilder.java:374)
	at org.apache.commons.ssl.KeyStoreBuilder.build(KeyStoreBuilder.java:112)
	at org.apache.commons.ssl.KeyMaterial.<init>(KeyMaterial.java:179)
	at org.apache.commons.ssl.KeyMaterial.<init>(KeyMaterial.java:170)
	at org.apache.commons.ssl.KeyMaterial.<init>(KeyMaterial.java:160)
	at org.apache.commons.ssl.KeyMaterial.<init>(KeyMaterial.java:64)
	at org.apache.commons.ssl.KeyMaterial.<init>(KeyMaterial.java:114)
	at com.eviware.soapui.impl.wsdl.support.http.HttpClientSupport$Helper.initSocketFactory(HttpClientSupport.java:301)
	at com.eviware.soapui.impl.wsdl.support.http.HttpClientSupport$Helper.<init>(HttpClientSupport.java:200)
	at com.eviware.soapui.impl.wsdl.support.http.HttpClientSupport.<clinit>(HttpClientSupport.java:70)
	at com.eviware.soapui.DefaultSoapUICore.initSettings(DefaultSoapUICore.java:365)
	at com.eviware.soapui.SwingSoapUICore.initSettings(SwingSoapUICore.java:108)
	at com.eviware.soapui.SoapUIPro$SoapUIProCore.initSettings(SourceFile:860)
	at com.eviware.soapui.DefaultSoapUICore.init(DefaultSoapUICore.java:138)
	at com.eviware.soapui.SoapUIPro$SoapUIProCore.init(SourceFile:801)
	at com.eviware.soapui.SoapUIPro$SoapUIProCore.<init>(SourceFile:764)
	at com.eviware.soapui.SoapUIProTestCaseRunner.createSoapUICore(SourceFile:200)
	at com.eviware.soapui.tools.AbstractSoapUIRunner.run(AbstractSoapUIRunner.java:178)
	at com.itcsoapui.tests.SoapUITest.main(SoapUITest.java:16)
2016-07-04 18:30:09,424 ERROR [errorlog] java.net.MalformedURLException: no protocol: ..\src\test\resources\TestSuite\ZAP-mail-project-soapui-project.xml
java.net.MalformedURLException: no protocol: ..\src\test\resources\TestSuite\ZAP-mail-project-soapui-project.xml
	at java.net.URL.<init>(Unknown Source)
	at java.net.URL.<init>(Unknown Source)
	at java.net.URL.<init>(Unknown Source)
	at com.eviware.soapui.impl.wsdl.WsdlProject.<init>(WsdlProject.java:234)
	at com.eviware.soapui.impl.wsdl.WsdlProjectPro.<init>(SourceFile:160)
	at com.eviware.soapui.impl.wsdl.WsdlProjectProFactory.createNew(SourceFile:28)
	at com.eviware.soapui.impl.wsdl.WsdlProjectProFactory.createNew(SourceFile:16)
	at com.eviware.soapui.tools.SoapUITestCaseRunner.runRunner(SoapUITestCaseRunner.java:329)
	at com.eviware.soapui.tools.AbstractSoapUIRunner.run(AbstractSoapUIRunner.java:188)
	at com.itcsoapui.tests.SoapUITest.main(SoapUITest.java:16)
2016-07-04 18:31:32,126 ERROR [errorlog] org.apache.commons.ssl.ProbablyBadPasswordException: Probably bad JKS password: java.io.IOException: Keystore was tampered with, or password was incorrect
org.apache.commons.ssl.ProbablyBadPasswordException: Probably bad JKS password: java.io.IOException: Keystore was tampered with, or password was incorrect
	at org.apache.commons.ssl.KeyStoreBuilder.tryJKS(KeyStoreBuilder.java:515)
	at org.apache.commons.ssl.KeyStoreBuilder.parse(KeyStoreBuilder.java:374)
	at org.apache.commons.ssl.KeyStoreBuilder.build(KeyStoreBuilder.java:112)
	at org.apache.commons.ssl.KeyMaterial.<init>(KeyMaterial.java:179)
	at org.apache.commons.ssl.KeyMaterial.<init>(KeyMaterial.java:170)
	at org.apache.commons.ssl.KeyMaterial.<init>(KeyMaterial.java:160)
	at org.apache.commons.ssl.KeyMaterial.<init>(KeyMaterial.java:64)
	at org.apache.commons.ssl.KeyMaterial.<init>(KeyMaterial.java:114)
	at com.eviware.soapui.impl.wsdl.support.http.HttpClientSupport$Helper.initSocketFactory(HttpClientSupport.java:301)
	at com.eviware.soapui.impl.wsdl.support.http.HttpClientSupport$Helper.<init>(HttpClientSupport.java:200)
	at com.eviware.soapui.impl.wsdl.support.http.HttpClientSupport.<clinit>(HttpClientSupport.java:70)
	at com.eviware.soapui.DefaultSoapUICore.initSettings(DefaultSoapUICore.java:365)
	at com.eviware.soapui.SwingSoapUICore.initSettings(SwingSoapUICore.java:108)
	at com.eviware.soapui.SoapUIPro$SoapUIProCore.initSettings(SourceFile:860)
	at com.eviware.soapui.DefaultSoapUICore.init(DefaultSoapUICore.java:138)
	at com.eviware.soapui.SoapUIPro$SoapUIProCore.init(SourceFile:801)
	at com.eviware.soapui.SoapUIPro$SoapUIProCore.<init>(SourceFile:764)
	at com.eviware.soapui.SoapUIProTestCaseRunner.createSoapUICore(SourceFile:200)
	at com.eviware.soapui.tools.AbstractSoapUIRunner.run(AbstractSoapUIRunner.java:178)
	at com.itcsoapui.tests.SoapUITest.main(SoapUITest.java:16)
2016-07-04 18:31:33,499 ERROR [errorlog] java.net.MalformedURLException: no protocol: /src/test/resources/TestSuite/ZAP-mail-project-soapui-project.xml
java.net.MalformedURLException: no protocol: /src/test/resources/TestSuite/ZAP-mail-project-soapui-project.xml
	at java.net.URL.<init>(Unknown Source)
	at java.net.URL.<init>(Unknown Source)
	at java.net.URL.<init>(Unknown Source)
	at com.eviware.soapui.impl.wsdl.WsdlProject.<init>(WsdlProject.java:234)
	at com.eviware.soapui.impl.wsdl.WsdlProjectPro.<init>(SourceFile:160)
	at com.eviware.soapui.impl.wsdl.WsdlProjectProFactory.createNew(SourceFile:28)
	at com.eviware.soapui.impl.wsdl.WsdlProjectProFactory.createNew(SourceFile:16)
	at com.eviware.soapui.tools.SoapUITestCaseRunner.runRunner(SoapUITestCaseRunner.java:329)
	at com.eviware.soapui.tools.AbstractSoapUIRunner.run(AbstractSoapUIRunner.java:188)
	at com.itcsoapui.tests.SoapUITest.main(SoapUITest.java:16)
2016-07-04 18:32:41,429 ERROR [errorlog] org.apache.commons.ssl.ProbablyBadPasswordException: Probably bad JKS password: java.io.IOException: Keystore was tampered with, or password was incorrect
org.apache.commons.ssl.ProbablyBadPasswordException: Probably bad JKS password: java.io.IOException: Keystore was tampered with, or password was incorrect
	at org.apache.commons.ssl.KeyStoreBuilder.tryJKS(KeyStoreBuilder.java:515)
	at org.apache.commons.ssl.KeyStoreBuilder.parse(KeyStoreBuilder.java:374)
	at org.apache.commons.ssl.KeyStoreBuilder.build(KeyStoreBuilder.java:112)
	at org.apache.commons.ssl.KeyMaterial.<init>(KeyMaterial.java:179)
	at org.apache.commons.ssl.KeyMaterial.<init>(KeyMaterial.java:170)
	at org.apache.commons.ssl.KeyMaterial.<init>(KeyMaterial.java:160)
	at org.apache.commons.ssl.KeyMaterial.<init>(KeyMaterial.java:64)
	at org.apache.commons.ssl.KeyMaterial.<init>(KeyMaterial.java:114)
	at com.eviware.soapui.impl.wsdl.support.http.HttpClientSupport$Helper.initSocketFactory(HttpClientSupport.java:301)
	at com.eviware.soapui.impl.wsdl.support.http.HttpClientSupport$Helper.<init>(HttpClientSupport.java:200)
	at com.eviware.soapui.impl.wsdl.support.http.HttpClientSupport.<clinit>(HttpClientSupport.java:70)
	at com.eviware.soapui.DefaultSoapUICore.initSettings(DefaultSoapUICore.java:365)
	at com.eviware.soapui.SwingSoapUICore.initSettings(SwingSoapUICore.java:108)
	at com.eviware.soapui.SoapUIPro$SoapUIProCore.initSettings(SourceFile:860)
	at com.eviware.soapui.DefaultSoapUICore.init(DefaultSoapUICore.java:138)
	at com.eviware.soapui.SoapUIPro$SoapUIProCore.init(SourceFile:801)
	at com.eviware.soapui.SoapUIPro$SoapUIProCore.<init>(SourceFile:764)
	at com.eviware.soapui.SoapUIProTestCaseRunner.createSoapUICore(SourceFile:200)
	at com.eviware.soapui.tools.AbstractSoapUIRunner.run(AbstractSoapUIRunner.java:178)
	at com.itcsoapui.tests.SoapUITest.main(SoapUITest.java:17)
2016-07-04 18:36:08,506 ERROR [errorlog] org.apache.commons.ssl.ProbablyBadPasswordException: Probably bad JKS password: java.io.IOException: Keystore was tampered with, or password was incorrect
org.apache.commons.ssl.ProbablyBadPasswordException: Probably bad JKS password: java.io.IOException: Keystore was tampered with, or password was incorrect
	at org.apache.commons.ssl.KeyStoreBuilder.tryJKS(KeyStoreBuilder.java:515)
	at org.apache.commons.ssl.KeyStoreBuilder.parse(KeyStoreBuilder.java:374)
	at org.apache.commons.ssl.KeyStoreBuilder.build(KeyStoreBuilder.java:112)
	at org.apache.commons.ssl.KeyMaterial.<init>(KeyMaterial.java:179)
	at org.apache.commons.ssl.KeyMaterial.<init>(KeyMaterial.java:170)
	at org.apache.commons.ssl.KeyMaterial.<init>(KeyMaterial.java:160)
	at org.apache.commons.ssl.KeyMaterial.<init>(KeyMaterial.java:64)
	at org.apache.commons.ssl.KeyMaterial.<init>(KeyMaterial.java:114)
	at com.eviware.soapui.impl.wsdl.support.http.HttpClientSupport$Helper.initSocketFactory(HttpClientSupport.java:301)
	at com.eviware.soapui.impl.wsdl.support.http.HttpClientSupport$Helper.<init>(HttpClientSupport.java:200)
	at com.eviware.soapui.impl.wsdl.support.http.HttpClientSupport.<clinit>(HttpClientSupport.java:70)
	at com.eviware.soapui.DefaultSoapUICore.initSettings(DefaultSoapUICore.java:365)
	at com.eviware.soapui.SwingSoapUICore.initSettings(SwingSoapUICore.java:108)
	at com.eviware.soapui.SoapUIPro$SoapUIProCore.initSettings(SourceFile:860)
	at com.eviware.soapui.DefaultSoapUICore.init(DefaultSoapUICore.java:138)
	at com.eviware.soapui.SoapUIPro$SoapUIProCore.init(SourceFile:801)
	at com.eviware.soapui.SoapUIPro$SoapUIProCore.<init>(SourceFile:764)
	at com.eviware.soapui.SoapUIProTestCaseRunner.createSoapUICore(SourceFile:200)
	at com.eviware.soapui.tools.AbstractSoapUIRunner.run(AbstractSoapUIRunner.java:178)
	at com.itcsoapui.tests.SoapUITest.main(SoapUITest.java:17)
2016-07-04 18:36:09,866 ERROR [errorlog] java.net.MalformedURLException: no protocol: /itcsoapui/src/test/resources/TestSuite/ZAP-mail-project-soapui-project.xml
java.net.MalformedURLException: no protocol: /itcsoapui/src/test/resources/TestSuite/ZAP-mail-project-soapui-project.xml
	at java.net.URL.<init>(Unknown Source)
	at java.net.URL.<init>(Unknown Source)
	at java.net.URL.<init>(Unknown Source)
	at com.eviware.soapui.impl.wsdl.WsdlProject.<init>(WsdlProject.java:234)
	at com.eviware.soapui.impl.wsdl.WsdlProjectPro.<init>(SourceFile:160)
	at com.eviware.soapui.impl.wsdl.WsdlProjectProFactory.createNew(SourceFile:28)
	at com.eviware.soapui.impl.wsdl.WsdlProjectProFactory.createNew(SourceFile:16)
	at com.eviware.soapui.tools.SoapUITestCaseRunner.runRunner(SoapUITestCaseRunner.java:329)
	at com.eviware.soapui.tools.AbstractSoapUIRunner.run(AbstractSoapUIRunner.java:188)
	at com.itcsoapui.tests.SoapUITest.main(SoapUITest.java:17)
2016-07-04 18:36:28,265 ERROR [errorlog] org.apache.commons.ssl.ProbablyBadPasswordException: Probably bad JKS password: java.io.IOException: Keystore was tampered with, or password was incorrect
org.apache.commons.ssl.ProbablyBadPasswordException: Probably bad JKS password: java.io.IOException: Keystore was tampered with, or password was incorrect
	at org.apache.commons.ssl.KeyStoreBuilder.tryJKS(KeyStoreBuilder.java:515)
	at org.apache.commons.ssl.KeyStoreBuilder.parse(KeyStoreBuilder.java:374)
	at org.apache.commons.ssl.KeyStoreBuilder.build(KeyStoreBuilder.java:112)
	at org.apache.commons.ssl.KeyMaterial.<init>(KeyMaterial.java:179)
	at org.apache.commons.ssl.KeyMaterial.<init>(KeyMaterial.java:170)
	at org.apache.commons.ssl.KeyMaterial.<init>(KeyMaterial.java:160)
	at org.apache.commons.ssl.KeyMaterial.<init>(KeyMaterial.java:64)
	at org.apache.commons.ssl.KeyMaterial.<init>(KeyMaterial.java:114)
	at com.eviware.soapui.impl.wsdl.support.http.HttpClientSupport$Helper.initSocketFactory(HttpClientSupport.java:301)
	at com.eviware.soapui.impl.wsdl.support.http.HttpClientSupport$Helper.<init>(HttpClientSupport.java:200)
	at com.eviware.soapui.impl.wsdl.support.http.HttpClientSupport.<clinit>(HttpClientSupport.java:70)
	at com.eviware.soapui.DefaultSoapUICore.initSettings(DefaultSoapUICore.java:365)
	at com.eviware.soapui.SwingSoapUICore.initSettings(SwingSoapUICore.java:108)
	at com.eviware.soapui.SoapUIPro$SoapUIProCore.initSettings(SourceFile:860)
	at com.eviware.soapui.DefaultSoapUICore.init(DefaultSoapUICore.java:138)
	at com.eviware.soapui.SoapUIPro$SoapUIProCore.init(SourceFile:801)
	at com.eviware.soapui.SoapUIPro$SoapUIProCore.<init>(SourceFile:764)
	at com.eviware.soapui.SoapUIProTestCaseRunner.createSoapUICore(SourceFile:200)
	at com.eviware.soapui.tools.AbstractSoapUIRunner.run(AbstractSoapUIRunner.java:178)
	at com.itcsoapui.tests.SoapUITest.main(SoapUITest.java:17)
2016-07-04 18:43:41,274 ERROR [errorlog] org.apache.commons.ssl.ProbablyBadPasswordException: Probably bad JKS password: java.io.IOException: Keystore was tampered with, or password was incorrect
org.apache.commons.ssl.ProbablyBadPasswordException: Probably bad JKS password: java.io.IOException: Keystore was tampered with, or password was incorrect
	at org.apache.commons.ssl.KeyStoreBuilder.tryJKS(KeyStoreBuilder.java:515)
	at org.apache.commons.ssl.KeyStoreBuilder.parse(KeyStoreBuilder.java:374)
	at org.apache.commons.ssl.KeyStoreBuilder.build(KeyStoreBuilder.java:112)
	at org.apache.commons.ssl.KeyMaterial.<init>(KeyMaterial.java:179)
	at org.apache.commons.ssl.KeyMaterial.<init>(KeyMaterial.java:170)
	at org.apache.commons.ssl.KeyMaterial.<init>(KeyMaterial.java:160)
	at org.apache.commons.ssl.KeyMaterial.<init>(KeyMaterial.java:64)
	at org.apache.commons.ssl.KeyMaterial.<init>(KeyMaterial.java:114)
	at com.eviware.soapui.impl.wsdl.support.http.HttpClientSupport$Helper.initSocketFactory(HttpClientSupport.java:301)
	at com.eviware.soapui.impl.wsdl.support.http.HttpClientSupport$Helper.<init>(HttpClientSupport.java:200)
	at com.eviware.soapui.impl.wsdl.support.http.HttpClientSupport.<clinit>(HttpClientSupport.java:70)
	at com.eviware.soapui.DefaultSoapUICore.initSettings(DefaultSoapUICore.java:365)
	at com.eviware.soapui.SwingSoapUICore.initSettings(SwingSoapUICore.java:108)
	at com.eviware.soapui.SoapUIPro$SoapUIProCore.initSettings(SourceFile:860)
	at com.eviware.soapui.DefaultSoapUICore.init(DefaultSoapUICore.java:138)
	at com.eviware.soapui.SoapUIPro$SoapUIProCore.init(SourceFile:801)
	at com.eviware.soapui.SoapUIPro$SoapUIProCore.<init>(SourceFile:764)
	at com.eviware.soapui.SoapUIProTestCaseRunner.createSoapUICore(SourceFile:200)
	at com.eviware.soapui.tools.AbstractSoapUIRunner.run(AbstractSoapUIRunner.java:178)
	at com.itcsoapui.tests.SoapUITest.run(SoapUITest.java:34)
	at sun.reflect.NativeMethodAccessorImpl.invoke0(Native Method)
	at sun.reflect.NativeMethodAccessorImpl.invoke(NativeMethodAccessorImpl.java:57)
	at sun.reflect.DelegatingMethodAccessorImpl.invoke(DelegatingMethodAccessorImpl.java:43)
	at java.lang.reflect.Method.invoke(Method.java:606)
	at org.testng.internal.MethodInvocationHelper.invokeMethod(MethodInvocationHelper.java:84)
	at org.testng.internal.Invoker.invokeMethod(Invoker.java:714)
	at org.testng.internal.Invoker.invokeTestMethod(Invoker.java:901)
	at org.testng.internal.Invoker.invokeTestMethods(Invoker.java:1231)
	at org.testng.internal.TestMethodWorker.invokeTestMethods(TestMethodWorker.java:127)
	at org.testng.internal.TestMethodWorker.run(TestMethodWorker.java:111)
	at org.testng.TestRunner.privateRun(TestRunner.java:767)
	at org.testng.TestRunner.run(TestRunner.java:617)
	at org.testng.SuiteRunner.runTest(SuiteRunner.java:348)
	at org.testng.SuiteRunner.runSequentially(SuiteRunner.java:343)
	at org.testng.SuiteRunner.privateRun(SuiteRunner.java:305)
	at org.testng.SuiteRunner.run(SuiteRunner.java:254)
	at org.testng.SuiteRunnerWorker.runSuite(SuiteRunnerWorker.java:52)
	at org.testng.SuiteRunnerWorker.run(SuiteRunnerWorker.java:86)
	at org.testng.TestNG.runSuitesSequentially(TestNG.java:1224)
	at org.testng.TestNG.runSuitesLocally(TestNG.java:1149)
	at org.testng.TestNG.run(TestNG.java:1057)
	at org.apache.maven.surefire.testng.TestNGExecutor.run(TestNGExecutor.java:77)
	at org.apache.maven.surefire.testng.TestNGDirectoryTestSuite.execute(TestNGDirectoryTestSuite.java:110)
	at org.apache.maven.surefire.testng.TestNGProvider.invoke(TestNGProvider.java:106)
	at sun.reflect.NativeMethodAccessorImpl.invoke0(Native Method)
	at sun.reflect.NativeMethodAccessorImpl.invoke(NativeMethodAccessorImpl.java:57)
	at sun.reflect.DelegatingMethodAccessorImpl.invoke(DelegatingMethodAccessorImpl.java:43)
	at java.lang.reflect.Method.invoke(Method.java:606)
	at org.apache.maven.surefire.util.ReflectionUtils.invokeMethodWithArray(ReflectionUtils.java:189)
	at org.apache.maven.surefire.booter.ProviderFactory$ProviderProxy.invoke(ProviderFactory.java:165)
	at org.apache.maven.surefire.booter.ProviderFactory.invokeProvider(ProviderFactory.java:85)
	at org.apache.maven.surefire.booter.ForkedBooter.runSuitesInProcess(ForkedBooter.java:115)
	at org.apache.maven.surefire.booter.ForkedBooter.main(ForkedBooter.java:75)
