2016-07-04 18:43:40,154 WARN  [SoapUI] Missing folder [C:\Users\mjr\EclipseWorkspace\SoapUI\itcsoapui\ext] for external libraries
2016-07-04 18:43:40,530 INFO  [DefaultSoapUICore] initialized soapui-settings from [C:\Users\mjr\soapui-settings.xml]
2016-07-04 18:43:40,567 INFO  [HttpClientSupport$Helper] Initializing KeyStore
2016-07-04 18:43:41,272 ERROR [SoapUI] An error occurred [Probably bad JKS password: java.io.IOException: Keystore was tampered with, or password was incorrect], see error log for details
2016-07-04 18:43:41,274 ERROR [errorlog] org.apache.commons.ssl.ProbablyBadPasswordException: Probably bad JKS password: java.io.IOException: Keystore was tampered with, or password was incorrect
org.apache.commons.ssl.ProbablyBadPasswordException: Probably bad JKS password: java.io.IOException: Keystore was tampered with, or password was incorrect
	at org.apache.commons.ssl.KeyStoreBuilder.tryJKS(KeyStoreBuilder.java:515)
	at org.apache.commons.ssl.KeyStoreBuilder.parse(KeyStoreBuilder.java:374)
	at org.apache.commons.ssl.KeyStoreBuilder.build(KeyStoreBuilder.java:112)
	at org.apache.commons.ssl.KeyMaterial.<init>(KeyMaterial.java:179)
	at org.apache.commons.ssl.KeyMaterial.<init>(KeyMaterial.java:170)
	at org.apache.commons.ssl.KeyMaterial.<init>(KeyMaterial.java:160)
	at org.apache.commons.ssl.KeyMaterial.<init>(KeyMaterial.java:64)
	at org.apache.commons.ssl.KeyMaterial.<init>(KeyMaterial.java:114)
	at com.eviware.soapui.impl.wsdl.support.http.HttpClientSupport$Helper.initSocketFactory(HttpClientSupport.java:301)
	at com.eviware.soapui.impl.wsdl.support.http.HttpClientSupport$Helper.<init>(HttpClientSupport.java:200)
	at com.eviware.soapui.impl.wsdl.support.http.HttpClientSupport.<clinit>(HttpClientSupport.java:70)
	at com.eviware.soapui.DefaultSoapUICore.initSettings(DefaultSoapUICore.java:365)
	at com.eviware.soapui.SwingSoapUICore.initSettings(SwingSoapUICore.java:108)
	at com.eviware.soapui.SoapUIPro$SoapUIProCore.initSettings(SourceFile:860)
	at com.eviware.soapui.DefaultSoapUICore.init(DefaultSoapUICore.java:138)
	at com.eviware.soapui.SoapUIPro$SoapUIProCore.init(SourceFile:801)
	at com.eviware.soapui.SoapUIPro$SoapUIProCore.<init>(SourceFile:764)
	at com.eviware.soapui.SoapUIProTestCaseRunner.createSoapUICore(SourceFile:200)
	at com.eviware.soapui.tools.AbstractSoapUIRunner.run(AbstractSoapUIRunner.java:178)
	at com.itcsoapui.tests.SoapUITest.run(SoapUITest.java:34)
	at sun.reflect.NativeMethodAccessorImpl.invoke0(Native Method)
	at sun.reflect.NativeMethodAccessorImpl.invoke(NativeMethodAccessorImpl.java:57)
	at sun.reflect.DelegatingMethodAccessorImpl.invoke(DelegatingMethodAccessorImpl.java:43)
	at java.lang.reflect.Method.invoke(Method.java:606)
	at org.testng.internal.MethodInvocationHelper.invokeMethod(MethodInvocationHelper.java:84)
	at org.testng.internal.Invoker.invokeMethod(Invoker.java:714)
	at org.testng.internal.Invoker.invokeTestMethod(Invoker.java:901)
	at org.testng.internal.Invoker.invokeTestMethods(Invoker.java:1231)
	at org.testng.internal.TestMethodWorker.invokeTestMethods(TestMethodWorker.java:127)
	at org.testng.internal.TestMethodWorker.run(TestMethodWorker.java:111)
	at org.testng.TestRunner.privateRun(TestRunner.java:767)
	at org.testng.TestRunner.run(TestRunner.java:617)
	at org.testng.SuiteRunner.runTest(SuiteRunner.java:348)
	at org.testng.SuiteRunner.runSequentially(SuiteRunner.java:343)
	at org.testng.SuiteRunner.privateRun(SuiteRunner.java:305)
	at org.testng.SuiteRunner.run(SuiteRunner.java:254)
	at org.testng.SuiteRunnerWorker.runSuite(SuiteRunnerWorker.java:52)
	at org.testng.SuiteRunnerWorker.run(SuiteRunnerWorker.java:86)
	at org.testng.TestNG.runSuitesSequentially(TestNG.java:1224)
	at org.testng.TestNG.runSuitesLocally(TestNG.java:1149)
	at org.testng.TestNG.run(TestNG.java:1057)
	at org.apache.maven.surefire.testng.TestNGExecutor.run(TestNGExecutor.java:77)
	at org.apache.maven.surefire.testng.TestNGDirectoryTestSuite.execute(TestNGDirectoryTestSuite.java:110)
	at org.apache.maven.surefire.testng.TestNGProvider.invoke(TestNGProvider.java:106)
	at sun.reflect.NativeMethodAccessorImpl.invoke0(Native Method)
	at sun.reflect.NativeMethodAccessorImpl.invoke(NativeMethodAccessorImpl.java:57)
	at sun.reflect.DelegatingMethodAccessorImpl.invoke(DelegatingMethodAccessorImpl.java:43)
	at java.lang.reflect.Method.invoke(Method.java:606)
	at org.apache.maven.surefire.util.ReflectionUtils.invokeMethodWithArray(ReflectionUtils.java:189)
	at org.apache.maven.surefire.booter.ProviderFactory$ProviderProxy.invoke(ProviderFactory.java:165)
	at org.apache.maven.surefire.booter.ProviderFactory.invokeProvider(ProviderFactory.java:85)
	at org.apache.maven.surefire.booter.ForkedBooter.runSuitesInProcess(ForkedBooter.java:115)
	at org.apache.maven.surefire.booter.ForkedBooter.main(ForkedBooter.java:75)
2016-07-04 18:43:41,552 WARN  [SoapUIProGroovyScriptEngineFactory] Missing scripts folder [C:\Program Files\SmartBear\ReadyAPI-1.5.0\bin\scripts]
2016-07-04 18:43:42,901 INFO  [WsdlProject] Loaded project from [file:/C:/Users/mjr/EclipseWorkspace/SoapUI/itcsoapui/../itcsoapui/src/test/resources/TestSuite/ZAP-mail-project-soapui-project.xml]
2016-07-04 18:43:43,118 WARN  [SoapUIProGroovyScriptEngineFactory] Missing scripts folder [C:\Program Files\SmartBear\ReadyAPI-1.5.0\bin\scripts]
2016-07-04 18:43:43,597 INFO  [SoapUIProTestCaseRunner] Running SoapUI tests in project [ZAP mail project]
2016-07-04 18:43:43,599 INFO  [SoapUIProTestCaseRunner] Running Project [ZAP mail project], runType = SEQUENTIAL
2016-07-04 18:43:43,618 INFO  [SoapUIProTestCaseRunner] Running SoapUI testcase [creating user]
2016-07-04 18:43:43,648 INFO  [SoapUIProTestCaseRunner] running step [Auth - Get API key]
2016-07-04 18:43:46,455 INFO  [SoapUIProTestCaseRunner] Assertion [verifyAPIKeyExists] has status VALID
2016-07-04 18:43:46,456 INFO  [SoapUIProTestCaseRunner] Assertion [verifyAPIKeyIsNotNULL] has status VALID
2016-07-04 18:43:46,466 INFO  [SoapUIProTestCaseRunner] running step [Random_user-generation]
2016-07-04 18:43:47,204 INFO  [log] I7SZRCW9M@gmail.com
2016-07-04 18:43:47,297 INFO  [SoapUIProTestCaseRunner] running step [transferAPIKey]
2016-07-04 18:43:47,359 INFO  [SoapUIProTestCaseRunner] running step [Properties]
2016-07-04 18:43:47,375 INFO  [SoapUIProTestCaseRunner] running step [Createaccount - create account]
2016-07-04 18:43:48,090 INFO  [SoapUIProTestCaseRunner] Assertion [verifyStatus] has status UNKNOWN
2016-07-04 18:43:48,091 INFO  [SoapUIProTestCaseRunner] running step [transferAPIKey_CreateUser]
2016-07-04 18:43:48,093 INFO  [SoapUIProTestCaseRunner] running step [ListGroups - listGroup]
2016-07-04 18:43:48,427 INFO  [SoapUIProTestCaseRunner] Assertion [Valid HTTP Status Codes] has status VALID
2016-07-04 18:43:48,429 INFO  [SoapUIProTestCaseRunner] running step [AddGroup - Add Groups]
2016-07-04 18:43:48,749 INFO  [SoapUIProTestCaseRunner] Assertion [Valid HTTP Status Codes] has status VALID
2016-07-04 18:43:48,752 INFO  [SoapUIProTestCaseRunner] running step [ListGroups - listGroup-AfterAdding]
2016-07-04 18:43:49,014 INFO  [SoapUIProTestCaseRunner] Assertion [Valid HTTP Status Codes] has status VALID
2016-07-04 18:43:49,016 INFO  [SoapUIProTestCaseRunner] running step [ListNewsletters - listNewsLetters]
2016-07-04 18:43:49,265 INFO  [SoapUIProTestCaseRunner] Assertion [Valid HTTP Status Codes] has status VALID
2016-07-04 18:43:49,267 INFO  [SoapUIProTestCaseRunner] running step [AddNewsletter - Add News letter]
2016-07-04 18:43:49,523 INFO  [SoapUIProTestCaseRunner] Assertion [Valid HTTP Status Codes] has status VALID
2016-07-04 18:43:49,524 INFO  [SoapUIProTestCaseRunner] running step [Transfer_group_ID]
2016-07-04 18:43:49,531 INFO  [SoapUIProTestCaseRunner] running step [ListNewsletters - listNewsLettersAfterAdding]
2016-07-04 18:43:49,797 INFO  [SoapUIProTestCaseRunner] Assertion [Valid HTTP Status Codes] has status VALID
2016-07-04 18:43:49,800 INFO  [SoapUIProTestCaseRunner] running step [AddCampaign - Add Campaign]
2016-07-04 18:43:50,262 INFO  [SoapUIProTestCaseRunner] Assertion [Valid HTTP Status Codes] has status VALID
2016-07-04 18:43:50,264 INFO  [SoapUIProTestCaseRunner] running step [tranferCampaignID]
2016-07-04 18:43:50,268 INFO  [SoapUIProTestCaseRunner] running step [ListCampaigns - ListCampaigns]
2016-07-04 18:43:50,653 INFO  [SoapUIProTestCaseRunner] Assertion [Valid HTTP Status Codes] has status VALID
2016-07-04 18:43:50,655 INFO  [SoapUIProTestCaseRunner] running step [ViewCampaign - ViewCampaign]
2016-07-04 18:43:51,164 INFO  [SoapUIProTestCaseRunner] Assertion [Valid HTTP Status Codes] has status VALID
2016-07-04 18:43:51,167 INFO  [SoapUIProTestCaseRunner] Finished running SoapUI testcase [creating user], time taken: 6733ms, status: FINISHED
2016-07-04 18:43:51,172 INFO  [SoapUIProTestCaseRunner] Project [ZAP mail project] finished with status [FINISHED] in 7566ms
2016-07-04 18:43:52,061 INFO  [SoapUIProTestCaseRunner] Created report at file:/C:/Users/mjr/EclipseWorkspace/SoapUI/itcsoapui/target/reports/index.html
